     1                                  	BOOT_LOAD	equ	0x7C00
     2                                  
     3                                  	ORG		BOOT_LOAD
     4                                  
     5                                  ;; 	【マクロ】
     6                                  %include	"../include/macro.s"	
     1                              <1> %macro	cdecl	1-*.nolist
     2                              <1> 
     3                              <1> 	%rep	%0 - 1
     4                              <1> 		push	%{-1:-1}
     5                              <1> 		%rotate -1
     6                              <1> 	%endrep
     7                              <1> 	%rotate -1
     8                              <1> 
     9                              <1> 
    10                              <1> 		call	%1
    11                              <1> 
    12                              <1> 	%if	1 < %0
    13                              <1> 		add		sp, (__BITS__ >> 3) * (%0 - 1)
    14                              <1> 	%endif
    15                              <1> 
    16                              <1> %endmacro
    17                              <1> 
    18                              <1> 	
     7                                  
     8                                  
     9                                  ;;【エントリポイント】 
    10                                  entry:
    11 00000000 EB58                    	jmp	ipl
    12                                  
    13                                  
    14                                  	;; BPB(Bios Parameter Block)
    15                                  
    16 00000002 90<rept>                	times 90 - ($ - $$) db 0x90
    17                                  
    18                                  	;; IPL(Initial Program Loader)
    19                                  
    20                                  ipl:
    21 0000005A FA                      	cli							;割り込み禁止
    22                                  
    23 0000005B B80000                  	mov	ax, 0x000				;AX = 0x0000
    24 0000005E 8ED8                    	mov ds, ax					;DS = 0x0000
    25 00000060 8EC0                    	mov es, ax					;ES = 0x0000
    26 00000062 8ED0                    	mov ss, ax					;SS = 0x0000
    27 00000064 BC007C                  	mov sp, BOOT_LOAD			;SP = 0x7C00
    28                                  
    29 00000067 FB                      	sti							;割り込み許可
    30                                  
    31 00000068 8816[4C01]              	mov [BOOT.DRIVE], dl		;ブートドライブ
    32                                  
    33                                  	;; 【文字列を表示】
    34 0000006C 68[3001]E8DC0083C4-     	cdecl	puts, .s0
    34 00000074 02                 
    35                                  
    36                                  	;; 【数値を表示】
    37 00000075 6A016A0A6A0868-         	cdecl	itoa,	8086, .s1, 8, 10, 0b0001
    37 0000007C [4101]68961FE8E900-
    37 00000084 83C40A             
    38 00000087 68[4101]E8C10083C4-     	cdecl	puts, .s1
    38 0000008F 02                 
    39                                  
    40 00000090 6A036A0A6A0868-         	cdecl	itoa,	8086, .s1, 8, 10, 0b0011
    40 00000097 [4101]68961FE8CE00-
    40 0000009F 83C40A             
    41 000000A2 68[4101]E8A60083C4-     	cdecl	puts, .s1
    41 000000AA 02                 
    42                                  
    43 000000AB 6A016A0A6A0868-         	cdecl	itoa,	-8086, .s1, 8, 10, 0b0001
    43 000000B2 [4101]686AE0E8B300-
    43 000000BA 83C40A             
    44 000000BD 68[4101]E88B0083C4-     	cdecl	puts, .s1
    44 000000C5 02                 
    45                                  
    46 000000C6 6A016A0A6A0868-         	cdecl	itoa,	-1, .s1, 8, 10, 0b0001
    46 000000CD [4101]6AFFE8990083-
    46 000000D5 C40A               
    47 000000D7 68[4101]E8710083C4-     	cdecl	puts, .s1
    47 000000DF 02                 
    48                                  
    49 000000E0 6A006A0A6A0868-         	cdecl	itoa,	-1, .s1, 8, 10, 0b0000
    49 000000E7 [4101]6AFFE87F0083-
    49 000000EF C40A               
    50 000000F1 68[4101]E8570083C4-     	cdecl	puts, .s1
    50 000000F9 02                 
    51                                  
    52 000000FA 6A006A106A0868-         	cdecl	itoa,	-1, .s1, 8, 16, 0b0000
    52 00000101 [4101]6AFFE8650083-
    52 00000109 C40A               
    53 0000010B 68[4101]E83D0083C4-     	cdecl	puts, .s1
    53 00000113 02                 
    54                                  
    55 00000114 6A046A026A0868-         	cdecl	itoa,	12, .s1, 8, 2, 0b0100
    55 0000011B [4101]6A0CE84B0083-
    55 00000123 C40A               
    56 00000125 68[4101]E8230083C4-     	cdecl	puts, .s1
    56 0000012D 02                 
    57                                  
    58                                  	;; 処理の終了
    59 0000012E EBFE                    	jmp	$
    60                                  
    61                                  	;; 【データ】
    62 00000130 4E6F7720426F6F7469-     .s0		db "Now Booting...", 0x0A, 0x0D, 0
    62 00000139 6E672E2E2E0A0D00   
    63 00000141 2D2D2D2D2D2D2D2D0A-     .s1		db "--------", 0x0A, 0x0D, 0
    63 0000014A 0D00               
    64                                  	
    65                                  
    66                                  ALIGN 2, db 0 
    67                                  BOOT:							;ブートドライブに関する情報
    68 0000014C 0000                    .DRIVE:		dw	0				;ドライブ番号
    69                                  ;; 【モジュール】
    70                                  %include "../modules/real/puts.s"
     1                              <1> puts:
     2 0000014E 55                  <1> 	push	bp
     3 0000014F 89E5                <1> 	mov		bp, sp
     4                              <1> 
     5                              <1> 	;; 【レジスタの保存】
     6 00000151 50                  <1> 	push	ax
     7 00000152 53                  <1> 	push	bx
     8 00000153 56                  <1> 	push	si
     9                              <1> 
    10                              <1> 	;; 【引数を取得】
    11 00000154 8B7604              <1> 	mov		si,	[bp + 4]
    12                              <1> 
    13                              <1> 
    14                              <1> 	;; 【処理の開始】
    15 00000157 B40E                <1> 	mov		ah, 0x0E
    16 00000159 BB0000              <1> 	mov		bx, 0x0000
    17 0000015C FC                  <1> 	cld							;DF = 0アドレス加算
    18                              <1> 
    19                              <1> .10L:
    20 0000015D AC                  <1> 	lodsb
    21                              <1> 
    22 0000015E 3C00                <1> 	cmp		al, 0
    23 00000160 7404                <1> 	je		.10E
    24                              <1> 
    25 00000162 CD10                <1> 	int		0x10
    26 00000164 EBF7                <1> 	jmp		.10L
    27                              <1> .10E:
    28                              <1> 
    29 00000166 5E                  <1> 	pop		si
    30 00000167 5B                  <1> 	pop		bx
    31 00000168 58                  <1> 	pop		ax
    32                              <1> 
    33 00000169 89EC                <1> 	mov 	sp, bp
    34 0000016B 5D                  <1> 	pop		bp
    35                              <1> 
    36 0000016C C3                  <1> 	ret
    71                                  %include "../modules/real/itoa.s"	
     1                              <1> itoa:
     2                              <1> 	;; 【スタックフレームの構築】
     3                              <1> 
     4                              <1> 
     5 0000016D 55                  <1> 	push	bp
     6 0000016E 89E5                <1> 	mov		bp, sp
     7                              <1> 
     8                              <1> 
     9                              <1> 	;; 【レジスタの保存】
    10 00000170 50                  <1> 	push	ax
    11 00000171 53                  <1> 	push	bx
    12 00000172 51                  <1> 	push	cx
    13 00000173 52                  <1> 	push	dx
    14 00000174 56                  <1> 	push	si
    15 00000175 57                  <1> 	push	di
    16                              <1> 
    17                              <1> 	;; 引数を取得
    18 00000176 8B4604              <1> 	mov		ax, [bp + 4]		;val = 数値
    19 00000179 8B7606              <1> 	mov		si, [bp + 6]		;dst = バッファアドレス
    20 0000017C 8B4E08              <1> 	mov		cx, [bp + 8]		;size = 残りバッファアサイズ
    21                              <1> 
    22 0000017F 89F7                <1> 	mov		di, si
    23 00000181 01CF                <1> 	add		di, cx
    24 00000183 4F                  <1> 	dec		di
    25                              <1> 
    26 00000184 8B5E0C              <1> 	mov		bx, word [bp + 12]
    27                              <1> 
    28                              <1> 	;; 符号付き判定
    29 00000187 F7C30100            <1> 	test	bx, 0b0001
    30                              <1> .10Q:
    31 0000018B 7408                <1> 	je		.10E
    32 0000018D 83F800              <1> 	cmp		ax, 0
    33                              <1> .12Q:
    34 00000190 7D03                <1> 	jge		.12E
    35 00000192 83CB02              <1> 	or		bx, 0b0010
    36                              <1> .12E:
    37                              <1> .10E:	
    38                              <1> 
    39                              <1> 	;; 符号出力判定
    40 00000195 F7C30200            <1> 	test	bx, 0b0010
    41                              <1> .20Q:
    42 00000199 7410                <1> 	je		.20E
    43 0000019B 83F800              <1> 	cmp		ax, 0
    44                              <1> .22Q:
    45 0000019E 7D07                <1> 	jge		.22F
    46 000001A0 F7D8                <1> 	neg		ax
    47 000001A2 C6042D              <1> 	mov		[si], byte '-'
    48 000001A5 EB03                <1> 	jmp		.22E
    49                              <1> .22F:
    50 000001A7 C6042B              <1> 	mov		[si], byte '+'
    51                              <1> .22E:
    52 000001AA 49                  <1> 	dec		cx
    53                              <1> .20E:
    54                              <1> 
    55                              <1> 	;; ASCII変換
    56                              <1> 
    57 000001AB 8B5E0A              <1> 	mov		bx, [bp + 10]
    58                              <1> .30L:
    59 000001AE BA0000              <1> 	mov		dx, 0
    60 000001B1 F7F3                <1> 	div		bx
    61                              <1> 
    62 000001B3 89D6                <1> 	mov		si, dx
    63 000001B5 8A94[DD01]          <1> 	mov		dl, byte [.ascii + si] ;dl = Ascii[dx]
    64                              <1> 
    65 000001B9 8815                <1> 	mov 	[di], dl
    66 000001BB 4F                  <1> 	dec		di
    67                              <1> 
    68 000001BC 83F800              <1> 	cmp		ax, 0
    69 000001BF E0ED                <1> 	loopnz	.30L
    70                              <1> 
    71                              <1> .30E:
    72                              <1> 
    73                              <1> 	;; 空欄を埋める
    74 000001C1 83F900              <1> 	cmp		cx, 0
    75                              <1> .40Q:
    76 000001C4 740D                <1> 	je		.40E
    77 000001C6 B020                <1> 	mov		al, ' '
    78 000001C8 837E0C04            <1> 	cmp		[bp + 12], word 0b0100
    79                              <1> .42Q:
    80 000001CC 7502                <1> 	jne		.42E
    81 000001CE B030                <1> 	mov		al, '0'
    82                              <1> .42E:
    83 000001D0 FD                  <1> 	std
    84 000001D1 F3AA                <1> 	rep	stosb
    85                              <1> 
    86                              <1> .40E:
    87                              <1> 
    88                              <1> 
    89                              <1> 	;; 【レジウスタの復帰】
    90                              <1> 
    91 000001D3 5F                  <1> 	pop		di
    92 000001D4 5E                  <1> 	pop		si
    93 000001D5 5A                  <1> 	pop		dx
    94 000001D6 59                  <1> 	pop		cx
    95 000001D7 5B                  <1> 	pop		bx
    96 000001D8 58                  <1> 	pop		ax
    97                              <1> 
    98                              <1> 
    99                              <1> 	;; 【スタックフレームのは木】
   100 000001D9 89EC                <1> 	mov		sp, bp
   101 000001DB 5D                  <1> 	pop		bp
   102                              <1> 
   103 000001DC C3                  <1> 	ret
   104                              <1> 
   105 000001DD 303132333435363738- <1> .ascii	db	"0123456789ABCDEF"
   105 000001E6 39414243444546      <1>
   106                              <1> 	
   107                              <1> 	
    72                                  
    73                                  	
    74                                  	;; 【ブートフラグ】 
    75 000001ED 00<rept>                	times 510 - ($ - $$) db 0x00
    76 000001FE 55AA                    	db 0x55, 0xAA
    77                                  
    78                                  	
