     1                                  	BOOT_LOAD	equ	0x7C00
     2                                  
     3                                  	ORG		BOOT_LOAD
     4                                  
     5                                  ;; 	【マクロ】
     6                                  %include	"../include/macro.s"	
     1                              <1> %macro	cdecl	1-*.nolist
     2                              <1> 
     3                              <1> 	%rep	%0 - 1
     4                              <1> 		push	%{-1:-1}
     5                              <1> 		%rotate -1
     6                              <1> 	%endrep
     7                              <1> 	%rotate -1
     8                              <1> 
     9                              <1> 
    10                              <1> 		call	%1
    11                              <1> 
    12                              <1> 	%if	1 < %0
    13                              <1> 		add		sp, (__BITS__ >> 3) * (%0 - 1)
    14                              <1> 	%endif
    15                              <1> 
    16                              <1> %endmacro
    17                              <1> 
    18                              <1> 	
     7                                  
     8                                  
     9                                  ;;【エントリポイント】 
    10                                  entry:
    11 00000000 EB58                    	jmp	ipl
    12                                  
    13                                  
    14                                  	;; BPB(Bios Parameter Block)
    15                                  
    16 00000002 90<rept>                	times 90 - ($ - $$) db 0x90
    17                                  
    18                                  	;; IPL(Initial Program Loader)
    19                                  
    20                                  ipl:
    21 0000005A FA                      	cli							;割り込み禁止
    22                                  
    23 0000005B B80000                  	mov	ax, 0x000				;AX = 0x0000
    24 0000005E 8ED8                    	mov ds, ax					;DS = 0x0000
    25 00000060 8EC0                    	mov es, ax					;ES = 0x0000
    26 00000062 8ED0                    	mov ss, ax					;SS = 0x0000
    27 00000064 BC007C                  	mov sp, BOOT_LOAD			;SP = 0x7C00
    28                                  
    29 00000067 FB                      	sti							;割り込み許可
    30                                  
    31 00000068 8816[8600]              	mov [BOOT.DRIVE], dl		;ブートドライブを保存
    32                                  
    33                                  	;; 【文字を表示】
    34 0000006C 6A58E8170083C402        	cdecl	putc, word 'X'
    35 00000074 6A59E80F0083C402        	cdecl	putc, word 'Y'
    36 0000007C 6A5AE8070083C402        	cdecl 	putc, word 'Z'
    37                                  
    38                                  	
    39 00000084 EBFE                    	jmp	$
    40                                  
    41                                  ALIGN 2, db 0 
    42                                  BOOT:							;ブートドライブに関する情報
    43 00000086 0000                    .DRIVE:		dw	0				;ドライブ番号
    44                                  ;; 【モジュール】
    45                                  %include "../modules/real/putc.s"
     1                              <1> putc:
     2                              <1> 	;; 【スタックフレームの構築】
     3                              <1> 
     4 00000088 55                  <1> 	push	bp
     5 00000089 89E5                <1> 	mov		bp, sp
     6                              <1> 
     7                              <1> 	;; 【レジスタの保存】
     8                              <1> 
     9 0000008B 50                  <1> 	push	ax
    10 0000008C 53                  <1> 	push	bx
    11                              <1> 
    12                              <1> 	;; 【処理の開始】
    13                              <1> 
    14 0000008D 8A4604              <1> 	mov		al, [bp + 4]		;出力文字を取得
    15 00000090 B40E                <1> 	mov		ah, 0x0E
    16 00000092 BB0000              <1> 	mov		bx, 0x0000
    17 00000095 CD10                <1> 	int		0x10
    18                              <1> 
    19                              <1> 	;; 【レジスタの復帰】
    20                              <1> 
    21 00000097 5B                  <1> 	pop		bx
    22 00000098 58                  <1> 	pop		ax
    23                              <1> 
    24                              <1> 	;; 【スタックフレームの破棄】
    25                              <1> 
    26 00000099 89EC                <1> 	mov		sp, bp
    27 0000009B 5D                  <1> 	pop		bp
    28                              <1> 
    29 0000009C C3                  <1> 	ret
    46                                  
    47                                  	
    48                                  	;; 【ブートフラグ】 
    49 0000009D 00<rept>                	times 510 - ($ - $$) db 0x00
    50 000001FE 55AA                    	db 0x55, 0xAA
    51                                  
    52                                  	
