     1                                  	BOOT_LOAD	equ	0x7C00
     2                                  
     3                                  	ORG		BOOT_LOAD
     4                                  
     5                                  ;; 	【マクロ】
     6                                  %include	"../include/macro.s"	
     1                              <1> %macro	cdecl	1-*.nolist
     2                              <1> 
     3                              <1> 	%rep	%0 - 1
     4                              <1> 		push	%{-1:-1}
     5                              <1> 		%rotate -1
     6                              <1> 	%endrep
     7                              <1> 	%rotate -1
     8                              <1> 
     9                              <1> 
    10                              <1> 		call	%1
    11                              <1> 
    12                              <1> 	%if	1 < %0
    13                              <1> 		add		sp, (__BITS__ >> 3) * (%0 - 1)
    14                              <1> 	%endif
    15                              <1> 
    16                              <1> %endmacro
    17                              <1> 
    18                              <1> 	
     7                                  
     8                                  
     9                                  ;;【エントリポイント】 
    10                                  entry:
    11 00000000 EB58                    	jmp	ipl						;IPLへジャンプ
    12                                  	;; BPB(Bios Parameter Block)
    13                                  
    14 00000002 90<rept>                	times 90 - ($ - $$) db 0x90
    15                                  
    16                                  	;; IPL(Initial Program Loader)
    17                                  
    18                                  ipl:
    19 0000005A FA                      	cli							;割り込み禁止
    20                                  
    21 0000005B B80000                  	mov	ax, 0x000				;AX = 0x0000
    22 0000005E 8ED8                    	mov ds, ax					;DS = 0x0000
    23 00000060 8EC0                    	mov es, ax					;ES = 0x0000
    24 00000062 8ED0                    	mov ss, ax					;SS = 0x0000
    25 00000064 BC007C                  	mov sp, BOOT_LOAD			;SP = 0x7C00
    26                                  
    27 00000067 FB                      	sti							;割り込み許可
    28                                  
    29 00000068 8816[E200]              	mov [BOOT.DRIVE], dl		;ブートドライブ
    30                                  
    31                                  	;; 【文字列を表示】
    32 0000006C 68[B300]E8720083C4-     	cdecl	puts, .s0
    32 00000074 02                 
    33                                  
    34                                  	;; 【数値を表示】
    35 00000075 6A016A0A6A0868-         	cdecl	itoa,	8086, .s1, 8, 10, 0b0001
    35 0000007C [D600]68961FE87F00-
    35 00000084 83C40A             
    36 00000087 68[D600]E8570083C4-     	cdecl	puts, .s1
    36 0000008F 02                 
    37                                  
    38                                  	;;次の512バイトを読み込む
    39 00000090 B402                    	mov		ah, 0x02			;AH = 読み込みセクタ
    40 00000092 B001                    	mov		al, 1				;AL = 読み込みセクタ数
    41 00000094 B90200                  	mov		cx, 0x0002			;CX = シリンダ/セクタ
    42 00000097 B600                    	mov		dh, 0x00			;DH = ヘッド位置
    43 00000099 8A16[E200]              	mov		dl, [BOOT.DRIVE]	;DL = ドライブ番号
    44 0000009D BB007E                  	mov		bx, 0x7C00 + 512	;BX = オフセット
    45 000000A0 CD13                    	int		0x13
    46                                  .10Q:
    47 000000A2 730C                    	jnc		.10E
    48                                  .10T:
    49 000000A4 68[C400]E83A0083C4-     	cdecl	puts, .e0
    49 000000AC 02                 
    50 000000AD E8D300                  	call	reboot
    51                                  .10E:
    52                                  	
    53 000000B0 E94D01                  	jmp		stage_2				;次のステージへ以降
    54                                  
    55                                  	;; 【データ】
    56 000000B3 4E6F7720426F6F7469-     .s0		db "Now Booting...", 0x0A, 0x0D, 0
    56 000000BC 6E672E2E2E0A0D00   
    57 000000C4 4572726F723A736563-     .e0		db "Error:sector read", 0
    57 000000CD 746F72207265616400 
    58 000000D6 2D2D2D2D2D2D2D2D0A-     .s1		db "--------", 0x0A, 0x0D, 0
    58 000000DF 0D00               
    59                                  	
    60                                  
    61 000000E1 00                      ALIGN 2, db 0 
    62                                  BOOT:							;ブートドライブに関する情報
    63 000000E2 0000                    .DRIVE:		dw	0				;ドライブ番号
    64                                  ;; 【モジュール】
    65                                  %include "../modules/real/puts.s"
     1                              <1> puts:
     2 000000E4 55                  <1> 	push	bp
     3 000000E5 89E5                <1> 	mov		bp, sp
     4                              <1> 
     5                              <1> 	;; 【レジスタの保存】
     6 000000E7 50                  <1> 	push	ax
     7 000000E8 53                  <1> 	push	bx
     8 000000E9 56                  <1> 	push	si
     9                              <1> 
    10                              <1> 	;; 【引数を取得】
    11 000000EA 8B7604              <1> 	mov		si,	[bp + 4]
    12                              <1> 
    13                              <1> 
    14                              <1> 	;; 【処理の開始】
    15 000000ED B40E                <1> 	mov		ah, 0x0E
    16 000000EF BB0000              <1> 	mov		bx, 0x0000
    17 000000F2 FC                  <1> 	cld							;DF = 0アドレス加算
    18                              <1> 
    19                              <1> .10L:
    20 000000F3 AC                  <1> 	lodsb
    21                              <1> 
    22 000000F4 3C00                <1> 	cmp		al, 0
    23 000000F6 7404                <1> 	je		.10E
    24                              <1> 
    25 000000F8 CD10                <1> 	int		0x10
    26 000000FA EBF7                <1> 	jmp		.10L
    27                              <1> .10E:
    28                              <1> 
    29 000000FC 5E                  <1> 	pop		si
    30 000000FD 5B                  <1> 	pop		bx
    31 000000FE 58                  <1> 	pop		ax
    32                              <1> 
    33 000000FF 89EC                <1> 	mov 	sp, bp
    34 00000101 5D                  <1> 	pop		bp
    35                              <1> 
    36 00000102 C3                  <1> 	ret
    66                                  %include "../modules/real/itoa.s"	
     1                              <1> itoa:
     2                              <1> 	;; 【スタックフレームの構築】
     3                              <1> 
     4                              <1> 
     5 00000103 55                  <1> 	push	bp
     6 00000104 89E5                <1> 	mov		bp, sp
     7                              <1> 
     8                              <1> 
     9                              <1> 	;; 【レジスタの保存】
    10 00000106 50                  <1> 	push	ax
    11 00000107 53                  <1> 	push	bx
    12 00000108 51                  <1> 	push	cx
    13 00000109 52                  <1> 	push	dx
    14 0000010A 56                  <1> 	push	si
    15 0000010B 57                  <1> 	push	di
    16                              <1> 
    17                              <1> 	;; 引数を取得
    18 0000010C 8B4604              <1> 	mov		ax, [bp + 4]		;val = 数値
    19 0000010F 8B7606              <1> 	mov		si, [bp + 6]		;dst = バッファアドレス
    20 00000112 8B4E08              <1> 	mov		cx, [bp + 8]		;size = 残りバッファアサイズ
    21                              <1> 
    22 00000115 89F7                <1> 	mov		di, si
    23 00000117 01CF                <1> 	add		di, cx
    24 00000119 4F                  <1> 	dec		di
    25                              <1> 
    26 0000011A 8B5E0C              <1> 	mov		bx, word [bp + 12]
    27                              <1> 
    28                              <1> 	;; 符号付き判定
    29 0000011D F7C30100            <1> 	test	bx, 0b0001
    30                              <1> .10Q:
    31 00000121 7408                <1> 	je		.10E
    32 00000123 83F800              <1> 	cmp		ax, 0
    33                              <1> .12Q:
    34 00000126 7D03                <1> 	jge		.12E
    35 00000128 83CB02              <1> 	or		bx, 0b0010
    36                              <1> .12E:
    37                              <1> .10E:	
    38                              <1> 
    39                              <1> 	;; 符号出力判定
    40 0000012B F7C30200            <1> 	test	bx, 0b0010
    41                              <1> .20Q:
    42 0000012F 7410                <1> 	je		.20E
    43 00000131 83F800              <1> 	cmp		ax, 0
    44                              <1> .22Q:
    45 00000134 7D07                <1> 	jge		.22F
    46 00000136 F7D8                <1> 	neg		ax
    47 00000138 C6042D              <1> 	mov		[si], byte '-'
    48 0000013B EB03                <1> 	jmp		.22E
    49                              <1> .22F:
    50 0000013D C6042B              <1> 	mov		[si], byte '+'
    51                              <1> .22E:
    52 00000140 49                  <1> 	dec		cx
    53                              <1> .20E:
    54                              <1> 
    55                              <1> 	;; ASCII変換
    56                              <1> 
    57 00000141 8B5E0A              <1> 	mov		bx, [bp + 10]
    58                              <1> .30L:
    59 00000144 BA0000              <1> 	mov		dx, 0
    60 00000147 F7F3                <1> 	div		bx
    61                              <1> 
    62 00000149 89D6                <1> 	mov		si, dx
    63 0000014B 8A94[7301]          <1> 	mov		dl, byte [.ascii + si] ;dl = Ascii[dx]
    64                              <1> 
    65 0000014F 8815                <1> 	mov 	[di], dl
    66 00000151 4F                  <1> 	dec		di
    67                              <1> 
    68 00000152 83F800              <1> 	cmp		ax, 0
    69 00000155 E0ED                <1> 	loopnz	.30L
    70                              <1> 
    71                              <1> .30E:
    72                              <1> 
    73                              <1> 	;; 空欄を埋める
    74 00000157 83F900              <1> 	cmp		cx, 0
    75                              <1> .40Q:
    76 0000015A 740D                <1> 	je		.40E
    77 0000015C B020                <1> 	mov		al, ' '
    78 0000015E 837E0C04            <1> 	cmp		[bp + 12], word 0b0100
    79                              <1> .42Q:
    80 00000162 7502                <1> 	jne		.42E
    81 00000164 B030                <1> 	mov		al, '0'
    82                              <1> .42E:
    83 00000166 FD                  <1> 	std
    84 00000167 F3AA                <1> 	rep	stosb
    85                              <1> 
    86                              <1> .40E:
    87                              <1> 
    88                              <1> 
    89                              <1> 	;; 【レジウスタの復帰】
    90                              <1> 
    91 00000169 5F                  <1> 	pop		di
    92 0000016A 5E                  <1> 	pop		si
    93 0000016B 5A                  <1> 	pop		dx
    94 0000016C 59                  <1> 	pop		cx
    95 0000016D 5B                  <1> 	pop		bx
    96 0000016E 58                  <1> 	pop		ax
    97                              <1> 
    98                              <1> 
    99                              <1> 	;; 【スタックフレームのは木】
   100 0000016F 89EC                <1> 	mov		sp, bp
   101 00000171 5D                  <1> 	pop		bp
   102                              <1> 
   103 00000172 C3                  <1> 	ret
   104                              <1> 
   105 00000173 303132333435363738- <1> .ascii	db	"0123456789ABCDEF"
   105 0000017C 39414243444546      <1>
   106                              <1> 	
   107                              <1> 	
    67                                  %include "../modules/real/reboot.s"
     1                              <1> reboot:
     2                              <1> 	;; メッセージ表示
     3 00000183 68[9F01]E85BFF83C4- <1> 	cdecl	puts, .s0
     3 0000018B 02                  <1>
     4                              <1> 
     5                              <1> 	;; 	キー入力
     6                              <1> 
     7                              <1> .10L:
     8 0000018C B410                <1> 	mov		ah, 0x10
     9 0000018E CD16                <1> 	int		0x16
    10                              <1> 
    11 00000190 3C20                <1> 	cmp		al, ' '
    12 00000192 75F8                <1> 	jne		.10L
    13                              <1> 
    14                              <1> 	;; 改行出力
    15 00000194 68[BD01]E84AFF83C4- <1> 	cdecl	puts, .s1
    15 0000019C 02                  <1>
    16                              <1> 
    17                              <1> 	;; 再起動
    18 0000019D CD19                <1> 	int		0x19				;BIOS(0x19)
    19                              <1> 
    20                              <1> 	;; 文字データ
    21 0000019F 0A0D50757368205350- <1> .s0		db	0x0A, 0x0D, "Push SPACE key to reboot...", 0
    21 000001A8 414345206B65792074- <1>
    21 000001B1 6F207265626F6F742E- <1>
    21 000001BA 2E2E00              <1>
    22 000001BD 0A0D0A0D00          <1> .s1		db	0x0A, 0x0D, 0x0A, 0x0D, 0
    68                                  	
    69                                  	;; 【ブートフラグ】 
    70 000001C2 00<rept>                	times 510 - ($ - $$) db 0x00
    71 000001FE 55AA                    	db 0x55, 0xAA
    72                                  
    73                                  	
    74                                  ;;ブート処理第２ステージ
    75                                  stage_2:
    76 00000200 68[0B02]E8DEFE83C4-     	cdecl 	puts, .s0
    76 00000208 02                 
    77                                  
    78 00000209 EBFE                    	jmp		$
    79                                  
    80 0000020B 326E64207374616765-     .s0		db "2nd stage...", 0x0A, 0x0D, 0
    80 00000214 2E2E2E0A0D00       
    81                                  
    82                                  ;; パディング（このファイルは8kバイトとする）
    83 0000021A 00<rept>                	times (1024 * 8) - ($ - $$)		db	0
