     1                                  	BOOT_LOAD	equ	0x7C00
     2                                  
     3                                  	ORG		BOOT_LOAD
     4                                  
     5                                  ;; 	【マクロ】
     6                                  %include	"../include/macro.s"	
     1                              <1> %macro	cdecl	1-*.nolist
     2                              <1> 
     3                              <1> 	%rep	%0 - 1
     4                              <1> 		push	%{-1:-1}
     5                              <1> 		%rotate -1
     6                              <1> 	%endrep
     7                              <1> 	%rotate -1
     8                              <1> 
     9                              <1> 
    10                              <1> 		call	%1
    11                              <1> 
    12                              <1> 	%if	1 < %0
    13                              <1> 		add		sp, (__BITS__ >> 3) * (%0 - 1)
    14                              <1> 	%endif
    15                              <1> 
    16                              <1> %endmacro
    17                              <1> 
    18                              <1> 	
     7                                  
     8                                  
     9                                  ;;【エントリポイント】 
    10                                  entry:
    11 00000000 EB58                    	jmp	ipl
    12                                  
    13                                  
    14                                  	;; BPB(Bios Parameter Block)
    15                                  
    16 00000002 90<rept>                	times 90 - ($ - $$) db 0x90
    17                                  
    18                                  	;; IPL(Initial Program Loader)
    19                                  
    20                                  ipl:
    21 0000005A FA                      	cli							;割り込み禁止
    22                                  
    23 0000005B B80000                  	mov	ax, 0x000				;AX = 0x0000
    24 0000005E 8ED8                    	mov ds, ax					;DS = 0x0000
    25 00000060 8EC0                    	mov es, ax					;ES = 0x0000
    26 00000062 8ED0                    	mov ss, ax					;SS = 0x0000
    27 00000064 BC007C                  	mov sp, BOOT_LOAD			;SP = 0x7C00
    28                                  
    29 00000067 FB                      	sti							;割り込み許可
    30                                  
    31 00000068 8816[8800]              	mov [BOOT.DRIVE], dl		;ブートドライブ
    32                                  
    33                                  	;; 【文字列を表示】
    34 0000006C 68[7700]E8180083C4-     	cdecl	puts, .s0
    34 00000074 02                 
    35                                  	
    36 00000075 EBFE                    	jmp	$
    37                                  
    38                                  	;; 【データ】
    39 00000077 4E6F7720426F6F7469-     .s0		db "Now Booting...", 0x0A, 0x0D, 0
    39 00000080 6E672E2E2E0A0D00   
    40                                  	
    41                                  
    42                                  ALIGN 2, db 0 
    43                                  BOOT:							;ブートドライブに関する情報
    44 00000088 0000                    .DRIVE:		dw	0				;ドライブ番号
    45                                  ;; 【モジュール】
    46                                  %include "../modules/real/puts.s"
     1                              <1> puts:
     2 0000008A 55                  <1> 	push	bp
     3 0000008B 89E5                <1> 	mov		bp, sp
     4                              <1> 
     5                              <1> 	;; 【レジスタの保存】
     6 0000008D 50                  <1> 	push	ax
     7 0000008E 53                  <1> 	push	bx
     8 0000008F 56                  <1> 	push	si
     9                              <1> 
    10                              <1> 	;; 【引数を取得】
    11 00000090 8B7604              <1> 	mov		si,	[bp + 4]
    12                              <1> 
    13                              <1> 
    14                              <1> 	;; 【処理の開始】
    15 00000093 B40E                <1> 	mov		ah, 0x0E
    16 00000095 BB0000              <1> 	mov		bx, 0x0000
    17 00000098 FC                  <1> 	cld							;DF = 0アドレス加算
    18                              <1> 
    19                              <1> .10L:
    20 00000099 AC                  <1> 	lodsb
    21                              <1> 
    22 0000009A 3C00                <1> 	cmp		al, 0
    23 0000009C 7404                <1> 	je		.10E
    24                              <1> 
    25 0000009E CD10                <1> 	int		0x10
    26 000000A0 EBF7                <1> 	jmp		.10L
    27                              <1> .10E:
    28                              <1> 
    29 000000A2 5E                  <1> 	pop		si
    30 000000A3 5B                  <1> 	pop		bx
    31 000000A4 58                  <1> 	pop		ax
    32                              <1> 
    33 000000A5 89EC                <1> 	mov 	sp, bp
    34 000000A7 5D                  <1> 	pop		bp
    35                              <1> 
    36 000000A8 C3                  <1> 	ret
    47                                  
    48                                  	
    49                                  	;; 【ブートフラグ】 
    50 000000A9 00<rept>                	times 510 - ($ - $$) db 0x00
    51 000001FE 55AA                    	db 0x55, 0xAA
    52                                  
    53                                  	
