     1                                  %include	"../include/define.s"
     1                              <1> 	BOOT_LOAD	equ		0x7C00	;ブートプログラムのロード位置
     2                              <1> 	BOOT_SIZE	equ		(1024 * 8) ;ブートコードサイズ
     3                              <1> 	SECT_SIZE	equ		(512)	   ;セクタサイズ
     4                              <1> 	BOOT_SECT	equ		(BOOT_SIZE / SECT_SIZE) ;ブートプログラムのセクタ数
     5                              <1> 
     6                              <1> 	BOOT_END	equ		(BOOT_LOAD + BOOT_SIZE)
     7                              <1> 	
     8                              <1> 	E820_RECORD_SIZE	equ		20
     9                              <1> 
    10                              <1> 
    11                              <1> 	;; KERNEL
    12                              <1> 	;; add 15_load_kernel
    13                              <1> 	KERNEL_LOAD		equ		0x0010_1000
    14                              <1> 	KERNEL_SIZE		equ		(1024 * 8) ;カーネルサイズ
    15                              <1> 	KERNEL_SECT		equ		(KERNEL_SIZE / SECT_SIZE)
    16                              <1> 	
    17                              <1> 	
     2                                  %include 	"../include/macro.s"
     1                              <1> %macro	cdecl	1-*.nolist
     2                              <1> 
     3                              <1> 	%rep	%0 - 1
     4                              <1> 		push	%{-1:-1}
     5                              <1> 		%rotate -1
     6                              <1> 	%endrep
     7                              <1> 	%rotate -1
     8                              <1> 
     9                              <1> 
    10                              <1> 		call	%1
    11                              <1> 
    12                              <1> 	%if	1 < %0
    13                              <1> 		add		sp, (__BITS__ >> 3) * (%0 - 1)
    14                              <1> 	%endif
    15                              <1> 
    16                              <1> %endmacro
    17                              <1> 
    18                              <1> 	
    19                              <1> struc drive
    20 00000000 <res 00000002>      <1> 		.no				resw	1				; ドライブ番号
    21 00000002 <res 00000002>      <1> 		.cyln			resw	1				; C:シリンダ
    22 00000004 <res 00000002>      <1> 		.head			resw	1				; H:ヘッド
    23 00000006 <res 00000002>      <1> 		.sect			resw	1				; S:セクタ
    24                              <1> endstruc
     3                                  
     4                                  
     5                                  	ORG		KERNEL_LOAD
     6                                  
     7                                  [BITS 32]
     8                                  	;; エントリポイント
     9                                  
    10                                  kernel:
    11                                  	;; 処理の終了
    12 00000000 EBFE                    	jmp		$
    13                                  
    14                                  	;; パディング
    15 00000002 00<rept>                	times	KERNEL_SIZE - ($ - $$)		db	0 ;パディング
    16                                  	
    17                                  
    18                                  	
